[0m[[0mdebug[0m] [0mRunning TaskDef(watson.SpeechToTextSpec, org.scalatest.tools.Framework$$anon$1@64e692, false, [SuiteSelector])[0m
[0m[[0mdebug[0m] [0mRunning TaskDef(watson.WatsonServicesSpec, org.scalatest.tools.Framework$$anon$1@64e692, false, [SuiteSelector])[0m
[0m[[0mdebug[0m] [0mRunning TaskDef(watson.StreamingTranscriptionSpec, org.scalatest.tools.Framework$$anon$1@64e692, false, [SuiteSelector])[0m
[0m[[0mdebug[0m] [0mSummary for ScalaCheck not available.[0m
[0m[[0minfo[0m] [0mScalaTest[0m
[0m[[0minfo[0m] [0m[36mRun completed in 6 seconds, 708 milliseconds.[0m[0m
[0m[[0minfo[0m] [0m[36mTotal number of tests run: 4[0m[0m
[0m[[0minfo[0m] [0m[36mSuites: completed 3, aborted 0[0m[0m
[0m[[0minfo[0m] [0m[36mTests: succeeded 3, failed 1, canceled 0, ignored 0, pending 0[0m[0m
[0m[[0minfo[0m] [0m[31m*** 1 TEST FAILED ***[0m[0m
[0m[[31merror[0m] [0mFailed: Total 4, Failed 1, Errors 0, Passed 3[0m
[0m[[0mdebug[0m] [0mPassed tests:[0m
[0m[[0mdebug[0m] [0m	watson.WatsonServicesSpec[0m
[0m[[0mdebug[0m] [0m	watson.SpeechToTextSpec[0m
[0m[[31merror[0m] [0mFailed tests:[0m
[0m[[31merror[0m] [0m	watson.StreamingTranscriptionSpec[0m
[0m[[31merror[0m] [0m(test:[31mtest[0m) sbt.TestsFailedException: Tests unsuccessful[0m
